2025-03-19 02:48:51,692 - INFO - [31m[1mWARNING: This is a development server. Do not use it in a production deployment. Use a production WSGI server instead.[0m
 * Running on http://127.0.0.1:5000
2025-03-19 02:48:51,692 - INFO - [33mPress CTRL+C to quit[0m
2025-03-19 02:48:51,693 - INFO -  * Restarting with stat
2025-03-19 02:48:51,927 - WARNING -  * Debugger is active!
2025-03-19 02:48:51,933 - INFO -  * Debugger PIN: 446-992-690
2025-03-19 02:49:36,246 - INFO -  * Detected change in 'C:\\Users\\vhosadurgaha\\Desktop\\Codebase\\cold-email\\cold-email.py', reloading
2025-03-19 02:49:36,318 - INFO -  * Restarting with stat
2025-03-19 02:49:36,642 - WARNING -  * Debugger is active!
2025-03-19 02:49:36,648 - INFO -  * Debugger PIN: 446-992-690
2025-03-19 02:49:57,867 - INFO -  * Detected change in 'C:\\Users\\vhosadurgaha\\Desktop\\Codebase\\cold-email\\cold-email.py', reloading
2025-03-19 02:49:57,900 - INFO -  * Restarting with stat
2025-03-19 02:49:58,283 - WARNING -  * Debugger is active!
2025-03-19 02:49:58,283 - INFO -  * Debugger PIN: 446-992-690
2025-03-19 02:51:57,148 - INFO - Tracking Pixel Loaded - Email:  at 2025-03-19T02:51:57.148031
2025-03-19 02:51:57,204 - INFO - 127.0.0.1 - - [19/Mar/2025 02:51:57] "GET /track_pixel?email= HTTP/1.1" 200 -
2025-03-19 02:51:58,267 - INFO - 127.0.0.1 - - [19/Mar/2025 02:51:58] "[33mGET /favicon.ico HTTP/1.1[0m" 404 -
2025-03-19 02:53:25,914 - INFO -  * Detected change in 'C:\\Users\\vhosadurgaha\\Desktop\\Codebase\\cold-email\\cold-email.py', reloading
2025-03-19 02:53:25,959 - INFO -  * Restarting with stat
2025-03-19 02:53:26,214 - WARNING -  * Debugger is active!
2025-03-19 02:53:26,214 - INFO -  * Debugger PIN: 446-992-690
